<?xml version="1.0" encoding="UTF-8"?>
<testng-results skipped="0" failed="0" total="2" passed="2">
  <reporter-output>
  </reporter-output>
  <suite name="seleniumFramework.CreateAccountTest" duration-ms="20589" started-at="2017-10-17T13:29:52Z" finished-at="2017-10-17T13:30:12Z">
    <groups>
    </groups>
    <test name="Command line test" duration-ms="20589" started-at="2017-10-17T13:29:52Z" finished-at="2017-10-17T13:30:12Z">
      <class name="seleniumFramework.CreateAccountTest">
        <test-method status="PASS" signature="setBrows()[pri:0, instance:seleniumFramework.CreateAccountTest@1a407d53]" name="setBrows" is-config="true" duration-ms="8795" started-at="2017-10-17T09:29:43Z" finished-at="2017-10-17T09:29:52Z">
          <reporter-output>
          </reporter-output>
        </test-method> <!-- setBrows -->
        <test-method status="PASS" signature="openurl()[pri:0, instance:seleniumFramework.CreateAccountTest@1a407d53]" name="openurl" duration-ms="16887" started-at="2017-10-17T09:29:52Z" finished-at="2017-10-17T09:30:09Z">
          <reporter-output>
          </reporter-output>
        </test-method> <!-- openurl -->
        <test-method status="PASS" signature="creatAcc()[pri:0, instance:seleniumFramework.CreateAccountTest@1a407d53]" name="creatAcc" duration-ms="3690" started-at="2017-10-17T09:30:09Z" finished-at="2017-10-17T09:30:12Z">
          <reporter-output>
          </reporter-output>
        </test-method> <!-- creatAcc -->
      </class> <!-- seleniumFramework.CreateAccountTest -->
    </test> <!-- Command line test -->
  </suite> <!-- seleniumFramework.CreateAccountTest -->
</testng-results>
